<?xml version="1.0" encoding="UTF-8"?>
<!-- Generated by org.testng.reporters.JUnitReportReporter -->
<testsuite hostname="DESKTOP-46KQC6V" failures="0" tests="1" name="com.gusi.test.LoginGusiTest" time="3.819" errors="0" timestamp="2023-08-17T23:35:38 IST" skipped="0">
  <testcase classname="com.gusi.test.LoginGusiTest" name="test_TC001_verifyAppLaunch" time="3.819"/>
</testsuite> <!-- com.gusi.test.LoginGusiTest -->
