<?xml version="1.0" encoding="UTF-8"?>
<!-- Generated by org.testng.reporters.JUnitReportReporter -->
<testsuite hostname="DESKTOP-46KQC6V" failures="0" tests="1" name="com.gusi.GusiTest" time="0.003" errors="0" timestamp="2023-08-03T23:05:24 IST" skipped="0">
  <testcase classname="com.gusi.GusiTest" name="f" time="0.003"/>
</testsuite> <!-- com.gusi.GusiTest -->
