<?xml version="1.0" encoding="UTF-8"?>
<!-- Generated by org.testng.reporters.JUnitReportReporter -->
<testsuite hostname="DESKTOP-46KQC6V" failures="0" tests="1" name="gusi_Test.FlutterAndroidShopper" time="5.673" errors="0" timestamp="2023-08-16T18:10:45 IST" skipped="0">
  <testcase classname="gusi_Test.FlutterAndroidShopper" name="login" time="5.673"/>
</testsuite> <!-- gusi_Test.FlutterAndroidShopper -->
