<?xml version="1.0" encoding="UTF-8"?>
<!-- Generated by org.testng.reporters.JUnitReportReporter -->
<testsuite hostname="DESKTOP-46KQC6V" failures="0" tests="1" name="gusi_Test.GusiRegister" time="0.028" errors="0" timestamp="2023-08-04T19:06:52 IST" skipped="0">
  <testcase classname="gusi_Test.GusiRegister" name="register" time="0.028"/>
</testsuite> <!-- gusi_Test.GusiRegister -->
