<?xml version="1.0" encoding="UTF-8"?>
<!-- Generated by org.testng.reporters.JUnitReportReporter -->
<testsuite hostname="DESKTOP-46KQC6V" failures="0" tests="1" name="gusi_Test.ForgotPassword" time="0.003" errors="0" timestamp="2023-08-04T19:06:52 IST" skipped="0">
  <testcase classname="gusi_Test.ForgotPassword" name="forgotPassword" time="0.003"/>
</testsuite> <!-- gusi_Test.ForgotPassword -->
